2020-01-28T14:43:12+00:00 CRITICAL Uncaught Error: Call to a member function get_image() on string in /Applications/MAMP/htdocs/wp-DomoStore/wordpress/wp-content/themes/DM_Store/single-product.php:3
Stack trace:
#0 /Applications/MAMP/htdocs/wp-DomoStore/wordpress/wp-includes/template-loader.php(98): include()
#1 /Applications/MAMP/htdocs/wp-DomoStore/wordpress/wp-blog-header.php(19): require_once('/Applications/M...')
#2 /Applications/MAMP/htdocs/wp-DomoStore/wordpress/index.php(17): require('/Applications/M...')
#3 {main}
  thrown dans /Applications/MAMP/htdocs/wp-DomoStore/wordpress/wp-content/themes/DM_Store/single-product.php à la ligne 3

2020-01-28T14:44:11+00:00 CRITICAL Uncaught Error: Call to a member function get_id() on string in /Applications/MAMP/htdocs/wp-DomoStore/wordpress/wp-content/themes/DM_Store/single-product.php:3
Stack trace:
#0 /Applications/MAMP/htdocs/wp-DomoStore/wordpress/wp-includes/template-loader.php(98): include()
#1 /Applications/MAMP/htdocs/wp-DomoStore/wordpress/wp-blog-header.php(19): require_once('/Applications/M...')
#2 /Applications/MAMP/htdocs/wp-DomoStore/wordpress/index.php(17): require('/Applications/M...')
#3 {main}
  thrown dans /Applications/MAMP/htdocs/wp-DomoStore/wordpress/wp-content/themes/DM_Store/single-product.php à la ligne 3

2020-01-28T14:48:36+00:00 CRITICAL Uncaught Error: Call to a member function get_name() on string in /Applications/MAMP/htdocs/wp-DomoStore/wordpress/wp-content/themes/DM_Store/single-product.php:3
Stack trace:
#0 /Applications/MAMP/htdocs/wp-DomoStore/wordpress/wp-includes/template-loader.php(98): include()
#1 /Applications/MAMP/htdocs/wp-DomoStore/wordpress/wp-blog-header.php(19): require_once('/Applications/M...')
#2 /Applications/MAMP/htdocs/wp-DomoStore/wordpress/index.php(17): require('/Applications/M...')
#3 {main}
  thrown dans /Applications/MAMP/htdocs/wp-DomoStore/wordpress/wp-content/themes/DM_Store/single-product.php à la ligne 3

2020-01-28T14:53:26+00:00 CRITICAL Uncaught Error: Call to a member function get_image() on bool in /Applications/MAMP/htdocs/wp-DomoStore/wordpress/wp-content/themes/DM_Store/single-product.php:5
Stack trace:
#0 /Applications/MAMP/htdocs/wp-DomoStore/wordpress/wp-includes/template-loader.php(98): include()
#1 /Applications/MAMP/htdocs/wp-DomoStore/wordpress/wp-blog-header.php(19): require_once('/Applications/M...')
#2 /Applications/MAMP/htdocs/wp-DomoStore/wordpress/index.php(17): require('/Applications/M...')
#3 {main}
  thrown dans /Applications/MAMP/htdocs/wp-DomoStore/wordpress/wp-content/themes/DM_Store/single-product.php à la ligne 5

2020-01-28T15:00:01+00:00 CRITICAL Uncaught Error: Call to a member function get_image() on bool in /Applications/MAMP/htdocs/wp-DomoStore/wordpress/wp-content/themes/DM_Store/single-product.php:5
Stack trace:
#0 /Applications/MAMP/htdocs/wp-DomoStore/wordpress/wp-includes/template-loader.php(98): include()
#1 /Applications/MAMP/htdocs/wp-DomoStore/wordpress/wp-blog-header.php(19): require_once('/Applications/M...')
#2 /Applications/MAMP/htdocs/wp-DomoStore/wordpress/index.php(17): require('/Applications/M...')
#3 {main}
  thrown dans /Applications/MAMP/htdocs/wp-DomoStore/wordpress/wp-content/themes/DM_Store/single-product.php à la ligne 5

2020-01-28T15:00:08+00:00 CRITICAL Uncaught Error: Call to a member function get_image() on bool in /Applications/MAMP/htdocs/wp-DomoStore/wordpress/wp-content/themes/DM_Store/single-product.php:5
Stack trace:
#0 /Applications/MAMP/htdocs/wp-DomoStore/wordpress/wp-includes/template-loader.php(98): include()
#1 /Applications/MAMP/htdocs/wp-DomoStore/wordpress/wp-blog-header.php(19): require_once('/Applications/M...')
#2 /Applications/MAMP/htdocs/wp-DomoStore/wordpress/index.php(17): require('/Applications/M...')
#3 {main}
  thrown dans /Applications/MAMP/htdocs/wp-DomoStore/wordpress/wp-content/themes/DM_Store/single-product.php à la ligne 5

2020-01-28T15:00:24+00:00 CRITICAL Uncaught Error: Call to a member function get_image() on bool in /Applications/MAMP/htdocs/wp-DomoStore/wordpress/wp-content/themes/DM_Store/single-product.php:5
Stack trace:
#0 /Applications/MAMP/htdocs/wp-DomoStore/wordpress/wp-includes/template-loader.php(98): include()
#1 /Applications/MAMP/htdocs/wp-DomoStore/wordpress/wp-blog-header.php(19): require_once('/Applications/M...')
#2 /Applications/MAMP/htdocs/wp-DomoStore/wordpress/index.php(17): require('/Applications/M...')
#3 {main}
  thrown dans /Applications/MAMP/htdocs/wp-DomoStore/wordpress/wp-content/themes/DM_Store/single-product.php à la ligne 5

2020-01-28T15:00:27+00:00 CRITICAL Uncaught Error: Call to a member function get_image() on bool in /Applications/MAMP/htdocs/wp-DomoStore/wordpress/wp-content/themes/DM_Store/single-product.php:5
Stack trace:
#0 /Applications/MAMP/htdocs/wp-DomoStore/wordpress/wp-includes/template-loader.php(98): include()
#1 /Applications/MAMP/htdocs/wp-DomoStore/wordpress/wp-blog-header.php(19): require_once('/Applications/M...')
#2 /Applications/MAMP/htdocs/wp-DomoStore/wordpress/index.php(17): require('/Applications/M...')
#3 {main}
  thrown dans /Applications/MAMP/htdocs/wp-DomoStore/wordpress/wp-content/themes/DM_Store/single-product.php à la ligne 5

2020-01-28T15:00:36+00:00 CRITICAL Uncaught Error: Call to a member function get_image() on bool in /Applications/MAMP/htdocs/wp-DomoStore/wordpress/wp-content/themes/DM_Store/single-product.php:5
Stack trace:
#0 /Applications/MAMP/htdocs/wp-DomoStore/wordpress/wp-includes/template-loader.php(98): include()
#1 /Applications/MAMP/htdocs/wp-DomoStore/wordpress/wp-blog-header.php(19): require_once('/Applications/M...')
#2 /Applications/MAMP/htdocs/wp-DomoStore/wordpress/index.php(17): require('/Applications/M...')
#3 {main}
  thrown dans /Applications/MAMP/htdocs/wp-DomoStore/wordpress/wp-content/themes/DM_Store/single-product.php à la ligne 5

2020-01-28T15:00:39+00:00 CRITICAL Uncaught Error: Call to a member function get_image() on bool in /Applications/MAMP/htdocs/wp-DomoStore/wordpress/wp-content/themes/DM_Store/single-product.php:5
Stack trace:
#0 /Applications/MAMP/htdocs/wp-DomoStore/wordpress/wp-includes/template-loader.php(98): include()
#1 /Applications/MAMP/htdocs/wp-DomoStore/wordpress/wp-blog-header.php(19): require_once('/Applications/M...')
#2 /Applications/MAMP/htdocs/wp-DomoStore/wordpress/index.php(17): require('/Applications/M...')
#3 {main}
  thrown dans /Applications/MAMP/htdocs/wp-DomoStore/wordpress/wp-content/themes/DM_Store/single-product.php à la ligne 5

2020-01-28T15:15:37+00:00 CRITICAL Uncaught Error: Call to a member function get_image() on null in /Applications/MAMP/htdocs/wp-DomoStore/wordpress/wp-content/themes/DM_Store/single-product.php:5
Stack trace:
#0 /Applications/MAMP/htdocs/wp-DomoStore/wordpress/wp-includes/template-loader.php(98): include()
#1 /Applications/MAMP/htdocs/wp-DomoStore/wordpress/wp-blog-header.php(19): require_once('/Applications/M...')
#2 /Applications/MAMP/htdocs/wp-DomoStore/wordpress/index.php(17): require('/Applications/M...')
#3 {main}
  thrown dans /Applications/MAMP/htdocs/wp-DomoStore/wordpress/wp-content/themes/DM_Store/single-product.php à la ligne 5

2020-01-28T15:16:26+00:00 CRITICAL Cannot redeclare wc_get_product() (previously declared in /Applications/MAMP/htdocs/wp-DomoStore/wordpress/wp-content/plugins/woocommerce/includes/wc-product-functions.php:58) dans /Applications/MAMP/htdocs/wp-DomoStore/wordpress/wp-content/themes/DM_Store/functions.php à la ligne 141

2020-01-28T15:21:45+00:00 CRITICAL Uncaught ArgumentCountError: Too few arguments to function get_post_meta(), 0 passed in /Applications/MAMP/htdocs/wp-DomoStore/wordpress/wp-content/themes/DM_Store/single-product.php on line 3 and at least 1 expected in /Applications/MAMP/htdocs/wp-DomoStore/wordpress/wp-includes/post.php:2109
Stack trace:
#0 /Applications/MAMP/htdocs/wp-DomoStore/wordpress/wp-content/themes/DM_Store/single-product.php(3): get_post_meta()
#1 /Applications/MAMP/htdocs/wp-DomoStore/wordpress/wp-includes/template-loader.php(98): include('/Applications/M...')
#2 /Applications/MAMP/htdocs/wp-DomoStore/wordpress/wp-blog-header.php(19): require_once('/Applications/M...')
#3 /Applications/MAMP/htdocs/wp-DomoStore/wordpress/index.php(17): require('/Applications/M...')
#4 {main}
  thrown dans /Applications/MAMP/htdocs/wp-DomoStore/wordpress/wp-includes/post.php à la ligne 2109

2020-01-28T15:25:48+00:00 CRITICAL Uncaught Error: Call to a member function get_image() on bool in /Applications/MAMP/htdocs/wp-DomoStore/wordpress/wp-content/themes/DM_Store/single-product.php:5
Stack trace:
#0 /Applications/MAMP/htdocs/wp-DomoStore/wordpress/wp-includes/template-loader.php(98): include()
#1 /Applications/MAMP/htdocs/wp-DomoStore/wordpress/wp-blog-header.php(19): require_once('/Applications/M...')
#2 /Applications/MAMP/htdocs/wp-DomoStore/wordpress/index.php(17): require('/Applications/M...')
#3 {main}
  thrown dans /Applications/MAMP/htdocs/wp-DomoStore/wordpress/wp-content/themes/DM_Store/single-product.php à la ligne 5

2020-01-28T15:27:53+00:00 CRITICAL syntax error, unexpected '$data' (T_VARIABLE) dans /Applications/MAMP/htdocs/wp-DomoStore/wordpress/wp-content/themes/DM_Store/single-product.php à la ligne 5

2020-01-28T15:28:06+00:00 CRITICAL syntax error, unexpected '$data' (T_VARIABLE) dans /Applications/MAMP/htdocs/wp-DomoStore/wordpress/wp-content/themes/DM_Store/single-product.php à la ligne 5

2020-01-28T15:28:24+00:00 CRITICAL syntax error, unexpected '$data' (T_VARIABLE) dans /Applications/MAMP/htdocs/wp-DomoStore/wordpress/wp-content/themes/DM_Store/single-product.php à la ligne 5

2020-01-28T15:38:08+00:00 CRITICAL Uncaught Error: Call to undefined method WC_Product_Simple::get_gallery_image() in /Applications/MAMP/htdocs/wp-DomoStore/wordpress/wp-content/themes/DM_Store/single-product.php:15
Stack trace:
#0 /Applications/MAMP/htdocs/wp-DomoStore/wordpress/wp-includes/template-loader.php(98): include()
#1 /Applications/MAMP/htdocs/wp-DomoStore/wordpress/wp-blog-header.php(19): require_once('/Applications/M...')
#2 /Applications/MAMP/htdocs/wp-DomoStore/wordpress/index.php(17): require('/Applications/M...')
#3 {main}
  thrown dans /Applications/MAMP/htdocs/wp-DomoStore/wordpress/wp-content/themes/DM_Store/single-product.php à la ligne 15

