2020-02-03T17:53:55+00:00 CRITICAL Uncaught Error: Call to a member function is_registration_enabled() on null in /Applications/MAMP/htdocs/wp-DomoStore/wordpress/wp-content/themes/DM_Store/checkout-page.php:22
Stack trace:
#0 /Applications/MAMP/htdocs/wp-DomoStore/wordpress/wp-includes/template-loader.php(98): include()
#1 /Applications/MAMP/htdocs/wp-DomoStore/wordpress/wp-blog-header.php(19): require_once('/Applications/M...')
#2 /Applications/MAMP/htdocs/wp-DomoStore/wordpress/index.php(17): require('/Applications/M...')
#3 {main}
  thrown dans /Applications/MAMP/htdocs/wp-DomoStore/wordpress/wp-content/themes/DM_Store/checkout-page.php à la ligne 22

2020-02-03T17:57:22+00:00 CRITICAL Uncaught Error: Call to a member function is_registration_enabled() on null in /Applications/MAMP/htdocs/wp-DomoStore/wordpress/wp-content/themes/DM_Store/checkout-page.php:22
Stack trace:
#0 /Applications/MAMP/htdocs/wp-DomoStore/wordpress/wp-includes/template-loader.php(98): include()
#1 /Applications/MAMP/htdocs/wp-DomoStore/wordpress/wp-blog-header.php(19): require_once('/Applications/M...')
#2 /Applications/MAMP/htdocs/wp-DomoStore/wordpress/index.php(17): require('/Applications/M...')
#3 {main}
  thrown dans /Applications/MAMP/htdocs/wp-DomoStore/wordpress/wp-content/themes/DM_Store/checkout-page.php à la ligne 22

2020-02-03T17:57:46+00:00 CRITICAL Uncaught Error: Call to a member function is_registration_enabled() on null in /Applications/MAMP/htdocs/wp-DomoStore/wordpress/wp-content/themes/DM_Store/checkout-page.php:18
Stack trace:
#0 /Applications/MAMP/htdocs/wp-DomoStore/wordpress/wp-includes/template-loader.php(98): include()
#1 /Applications/MAMP/htdocs/wp-DomoStore/wordpress/wp-blog-header.php(19): require_once('/Applications/M...')
#2 /Applications/MAMP/htdocs/wp-DomoStore/wordpress/index.php(17): require('/Applications/M...')
#3 {main}
  thrown dans /Applications/MAMP/htdocs/wp-DomoStore/wordpress/wp-content/themes/DM_Store/checkout-page.php à la ligne 18

2020-02-03T17:58:05+00:00 CRITICAL Uncaught Error: Call to a member function is_registration_enabled() on null in /Applications/MAMP/htdocs/wp-DomoStore/wordpress/wp-content/themes/DM_Store/checkout-page.php:18
Stack trace:
#0 /Applications/MAMP/htdocs/wp-DomoStore/wordpress/wp-includes/template-loader.php(98): include()
#1 /Applications/MAMP/htdocs/wp-DomoStore/wordpress/wp-blog-header.php(19): require_once('/Applications/M...')
#2 /Applications/MAMP/htdocs/wp-DomoStore/wordpress/index.php(17): require('/Applications/M...')
#3 {main}
  thrown dans /Applications/MAMP/htdocs/wp-DomoStore/wordpress/wp-content/themes/DM_Store/checkout-page.php à la ligne 18

2020-02-03T17:58:10+00:00 CRITICAL Uncaught Error: Call to a member function is_registration_enabled() on null in /Applications/MAMP/htdocs/wp-DomoStore/wordpress/wp-content/themes/DM_Store/checkout-page.php:18
Stack trace:
#0 /Applications/MAMP/htdocs/wp-DomoStore/wordpress/wp-includes/template-loader.php(98): include()
#1 /Applications/MAMP/htdocs/wp-DomoStore/wordpress/wp-blog-header.php(19): require_once('/Applications/M...')
#2 /Applications/MAMP/htdocs/wp-DomoStore/wordpress/index.php(17): require('/Applications/M...')
#3 {main}
  thrown dans /Applications/MAMP/htdocs/wp-DomoStore/wordpress/wp-content/themes/DM_Store/checkout-page.php à la ligne 18

2020-02-03T17:58:25+00:00 CRITICAL Uncaught Error: Call to a member function is_registration_enabled() on null in /Applications/MAMP/htdocs/wp-DomoStore/wordpress/wp-content/themes/DM_Store/checkout-page.php:20
Stack trace:
#0 /Applications/MAMP/htdocs/wp-DomoStore/wordpress/wp-includes/template-loader.php(98): include()
#1 /Applications/MAMP/htdocs/wp-DomoStore/wordpress/wp-blog-header.php(19): require_once('/Applications/M...')
#2 /Applications/MAMP/htdocs/wp-DomoStore/wordpress/index.php(17): require('/Applications/M...')
#3 {main}
  thrown dans /Applications/MAMP/htdocs/wp-DomoStore/wordpress/wp-content/themes/DM_Store/checkout-page.php à la ligne 20

2020-02-03T17:59:10+00:00 CRITICAL Uncaught Error: Call to a member function get_checkout_fields() on null in /Applications/MAMP/htdocs/wp-DomoStore/wordpress/wp-content/themes/DM_Store/checkout-page.php:17
Stack trace:
#0 /Applications/MAMP/htdocs/wp-DomoStore/wordpress/wp-includes/template-loader.php(98): include()
#1 /Applications/MAMP/htdocs/wp-DomoStore/wordpress/wp-blog-header.php(19): require_once('/Applications/M...')
#2 /Applications/MAMP/htdocs/wp-DomoStore/wordpress/index.php(17): require('/Applications/M...')
#3 {main}
  thrown dans /Applications/MAMP/htdocs/wp-DomoStore/wordpress/wp-content/themes/DM_Store/checkout-page.php à la ligne 17

2020-02-03T18:07:57+00:00 CRITICAL Uncaught Error: Call to a member function is_registration_enabled() on null in /Applications/MAMP/htdocs/wp-DomoStore/wordpress/wp-content/themes/DM_Store/checkout-page.php:21
Stack trace:
#0 /Applications/MAMP/htdocs/wp-DomoStore/wordpress/wp-includes/template-loader.php(98): include()
#1 /Applications/MAMP/htdocs/wp-DomoStore/wordpress/wp-blog-header.php(19): require_once('/Applications/M...')
#2 /Applications/MAMP/htdocs/wp-DomoStore/wordpress/index.php(17): require('/Applications/M...')
#3 {main}
  thrown dans /Applications/MAMP/htdocs/wp-DomoStore/wordpress/wp-content/themes/DM_Store/checkout-page.php à la ligne 21

2020-02-03T18:08:17+00:00 CRITICAL Uncaught Error: Call to a member function is_registration_enabled() on null in /Applications/MAMP/htdocs/wp-DomoStore/wordpress/wp-content/themes/DM_Store/checkout-page.php:16
Stack trace:
#0 /Applications/MAMP/htdocs/wp-DomoStore/wordpress/wp-includes/template-loader.php(98): include()
#1 /Applications/MAMP/htdocs/wp-DomoStore/wordpress/wp-blog-header.php(19): require_once('/Applications/M...')
#2 /Applications/MAMP/htdocs/wp-DomoStore/wordpress/index.php(17): require('/Applications/M...')
#3 {main}
  thrown dans /Applications/MAMP/htdocs/wp-DomoStore/wordpress/wp-content/themes/DM_Store/checkout-page.php à la ligne 16

