2020-01-31T08:36:11+00:00 CRITICAL Uncaught Error: Call to a member function get_image() on string in /Applications/MAMP/htdocs/wp-DomoStore/wordpress/wp-content/themes/DM_Store/single-product.php:126
Stack trace:
#0 /Applications/MAMP/htdocs/wp-DomoStore/wordpress/wp-includes/template-loader.php(98): include()
#1 /Applications/MAMP/htdocs/wp-DomoStore/wordpress/wp-blog-header.php(19): require_once('/Applications/M...')
#2 /Applications/MAMP/htdocs/wp-DomoStore/wordpress/index.php(17): require('/Applications/M...')
#3 {main}
  thrown dans /Applications/MAMP/htdocs/wp-DomoStore/wordpress/wp-content/themes/DM_Store/single-product.php à la ligne 126

2020-01-31T08:37:51+00:00 CRITICAL Uncaught Error: Call to a member function get_image() on string in /Applications/MAMP/htdocs/wp-DomoStore/wordpress/wp-content/themes/DM_Store/single-product.php:127
Stack trace:
#0 /Applications/MAMP/htdocs/wp-DomoStore/wordpress/wp-includes/template-loader.php(98): include()
#1 /Applications/MAMP/htdocs/wp-DomoStore/wordpress/wp-blog-header.php(19): require_once('/Applications/M...')
#2 /Applications/MAMP/htdocs/wp-DomoStore/wordpress/index.php(17): require('/Applications/M...')
#3 {main}
  thrown dans /Applications/MAMP/htdocs/wp-DomoStore/wordpress/wp-content/themes/DM_Store/single-product.php à la ligne 127

2020-01-31T08:37:57+00:00 CRITICAL Uncaught Error: Call to a member function get_image() on string in /Applications/MAMP/htdocs/wp-DomoStore/wordpress/wp-content/themes/DM_Store/single-product.php:127
Stack trace:
#0 /Applications/MAMP/htdocs/wp-DomoStore/wordpress/wp-includes/template-loader.php(98): include()
#1 /Applications/MAMP/htdocs/wp-DomoStore/wordpress/wp-blog-header.php(19): require_once('/Applications/M...')
#2 /Applications/MAMP/htdocs/wp-DomoStore/wordpress/index.php(17): require('/Applications/M...')
#3 {main}
  thrown dans /Applications/MAMP/htdocs/wp-DomoStore/wordpress/wp-content/themes/DM_Store/single-product.php à la ligne 127

2020-01-31T08:38:37+00:00 CRITICAL Uncaught Error: Call to a member function get_image() on string in /Applications/MAMP/htdocs/wp-DomoStore/wordpress/wp-content/themes/DM_Store/single-product.php:127
Stack trace:
#0 /Applications/MAMP/htdocs/wp-DomoStore/wordpress/wp-includes/template-loader.php(98): include()
#1 /Applications/MAMP/htdocs/wp-DomoStore/wordpress/wp-blog-header.php(19): require_once('/Applications/M...')
#2 /Applications/MAMP/htdocs/wp-DomoStore/wordpress/index.php(17): require('/Applications/M...')
#3 {main}
  thrown dans /Applications/MAMP/htdocs/wp-DomoStore/wordpress/wp-content/themes/DM_Store/single-product.php à la ligne 127

2020-01-31T08:46:06+00:00 CRITICAL Uncaught Error: Call to a member function get_image() on string in /Applications/MAMP/htdocs/wp-DomoStore/wordpress/wp-content/themes/DM_Store/single-product.php:127
Stack trace:
#0 /Applications/MAMP/htdocs/wp-DomoStore/wordpress/wp-includes/template-loader.php(98): include()
#1 /Applications/MAMP/htdocs/wp-DomoStore/wordpress/wp-blog-header.php(19): require_once('/Applications/M...')
#2 /Applications/MAMP/htdocs/wp-DomoStore/wordpress/index.php(17): require('/Applications/M...')
#3 {main}
  thrown dans /Applications/MAMP/htdocs/wp-DomoStore/wordpress/wp-content/themes/DM_Store/single-product.php à la ligne 127

2020-01-31T08:46:23+00:00 CRITICAL Uncaught Error: Call to a member function get_image() on string in /Applications/MAMP/htdocs/wp-DomoStore/wordpress/wp-content/themes/DM_Store/single-product.php:127
Stack trace:
#0 /Applications/MAMP/htdocs/wp-DomoStore/wordpress/wp-includes/template-loader.php(98): include()
#1 /Applications/MAMP/htdocs/wp-DomoStore/wordpress/wp-blog-header.php(19): require_once('/Applications/M...')
#2 /Applications/MAMP/htdocs/wp-DomoStore/wordpress/index.php(17): require('/Applications/M...')
#3 {main}
  thrown dans /Applications/MAMP/htdocs/wp-DomoStore/wordpress/wp-content/themes/DM_Store/single-product.php à la ligne 127

2020-01-31T08:47:15+00:00 CRITICAL Uncaught Error: Call to a member function get_name() on string in /Applications/MAMP/htdocs/wp-DomoStore/wordpress/wp-content/themes/DM_Store/single-product.php:122
Stack trace:
#0 /Applications/MAMP/htdocs/wp-DomoStore/wordpress/wp-includes/template-loader.php(98): include()
#1 /Applications/MAMP/htdocs/wp-DomoStore/wordpress/wp-blog-header.php(19): require_once('/Applications/M...')
#2 /Applications/MAMP/htdocs/wp-DomoStore/wordpress/index.php(17): require('/Applications/M...')
#3 {main}
  thrown dans /Applications/MAMP/htdocs/wp-DomoStore/wordpress/wp-content/themes/DM_Store/single-product.php à la ligne 122

2020-01-31T14:08:47+00:00 CRITICAL Uncaught Error: Call to undefined method WC_Product_Simple::get_page_permalink() in /Applications/MAMP/htdocs/wp-DomoStore/wordpress/wp-content/themes/DM_Store/single-product.php:120
Stack trace:
#0 /Applications/MAMP/htdocs/wp-DomoStore/wordpress/wp-includes/template-loader.php(98): include()
#1 /Applications/MAMP/htdocs/wp-DomoStore/wordpress/wp-blog-header.php(19): require_once('/Applications/M...')
#2 /Applications/MAMP/htdocs/wp-DomoStore/wordpress/index.php(17): require('/Applications/M...')
#3 {main}
  thrown dans /Applications/MAMP/htdocs/wp-DomoStore/wordpress/wp-content/themes/DM_Store/single-product.php à la ligne 120

2020-01-31T14:10:31+00:00 CRITICAL Uncaught Error: Call to undefined method WC_Product_Simple::get_term_link() in /Applications/MAMP/htdocs/wp-DomoStore/wordpress/wp-content/themes/DM_Store/single-product.php:120
Stack trace:
#0 /Applications/MAMP/htdocs/wp-DomoStore/wordpress/wp-includes/template-loader.php(98): include()
#1 /Applications/MAMP/htdocs/wp-DomoStore/wordpress/wp-blog-header.php(19): require_once('/Applications/M...')
#2 /Applications/MAMP/htdocs/wp-DomoStore/wordpress/index.php(17): require('/Applications/M...')
#3 {main}
  thrown dans /Applications/MAMP/htdocs/wp-DomoStore/wordpress/wp-content/themes/DM_Store/single-product.php à la ligne 120

2020-01-31T14:10:35+00:00 CRITICAL Uncaught Error: Call to undefined method WC_Product_Simple::get_term_link() in /Applications/MAMP/htdocs/wp-DomoStore/wordpress/wp-content/themes/DM_Store/single-product.php:120
Stack trace:
#0 /Applications/MAMP/htdocs/wp-DomoStore/wordpress/wp-includes/template-loader.php(98): include()
#1 /Applications/MAMP/htdocs/wp-DomoStore/wordpress/wp-blog-header.php(19): require_once('/Applications/M...')
#2 /Applications/MAMP/htdocs/wp-DomoStore/wordpress/index.php(17): require('/Applications/M...')
#3 {main}
  thrown dans /Applications/MAMP/htdocs/wp-DomoStore/wordpress/wp-content/themes/DM_Store/single-product.php à la ligne 120

