<<<<<<< HEAD
2020-02-13T19:52:14+00:00 CRITICAL syntax error, unexpected 'else' (T_ELSE), expecting end of file dans /Applications/MAMP/htdocs/wp-DomoStore/wordpress/wp-content/themes/DM_Store/single-product.php à la ligne 226
=======
2020-02-13T14:57:22+00:00 CRITICAL Uncaught Error: Call to a member function get_id() on bool in /Applications/MAMP/htdocs/wp-DomoStore/wordpress/wp-content/themes/DM_Store/single-product.php:217
Stack trace:
#0 /Applications/MAMP/htdocs/wp-DomoStore/wordpress/wp-includes/template-loader.php(98): include()
#1 /Applications/MAMP/htdocs/wp-DomoStore/wordpress/wp-blog-header.php(19): require_once('/Applications/M...')
#2 /Applications/MAMP/htdocs/wp-DomoStore/wordpress/index.php(17): require('/Applications/M...')
#3 {main}
  thrown dans /Applications/MAMP/htdocs/wp-DomoStore/wordpress/wp-content/themes/DM_Store/single-product.php à la ligne 217

2020-02-13T14:57:42+00:00 CRITICAL Uncaught Error: Call to a member function get_id() on bool in /Applications/MAMP/htdocs/wp-DomoStore/wordpress/wp-content/themes/DM_Store/single-product.php:217
Stack trace:
#0 /Applications/MAMP/htdocs/wp-DomoStore/wordpress/wp-includes/template-loader.php(98): include()
#1 /Applications/MAMP/htdocs/wp-DomoStore/wordpress/wp-blog-header.php(19): require_once('/Applications/M...')
#2 /Applications/MAMP/htdocs/wp-DomoStore/wordpress/index.php(17): require('/Applications/M...')
#3 {main}
  thrown dans /Applications/MAMP/htdocs/wp-DomoStore/wordpress/wp-content/themes/DM_Store/single-product.php à la ligne 217

2020-02-13T14:59:30+00:00 CRITICAL Uncaught Error: Call to undefined function the_image() in /Applications/MAMP/htdocs/wp-DomoStore/wordpress/wp-content/themes/DM_Store/search.php:16
Stack trace:
#0 /Applications/MAMP/htdocs/wp-DomoStore/wordpress/wp-includes/template-loader.php(98): include()
#1 /Applications/MAMP/htdocs/wp-DomoStore/wordpress/wp-blog-header.php(19): require_once('/Applications/M...')
#2 /Applications/MAMP/htdocs/wp-DomoStore/wordpress/index.php(17): require('/Applications/M...')
#3 {main}
  thrown dans /Applications/MAMP/htdocs/wp-DomoStore/wordpress/wp-content/themes/DM_Store/search.php à la ligne 16

2020-02-13T14:59:41+00:00 CRITICAL Uncaught Error: Call to undefined function the_images() in /Applications/MAMP/htdocs/wp-DomoStore/wordpress/wp-content/themes/DM_Store/search.php:16
Stack trace:
#0 /Applications/MAMP/htdocs/wp-DomoStore/wordpress/wp-includes/template-loader.php(98): include()
#1 /Applications/MAMP/htdocs/wp-DomoStore/wordpress/wp-blog-header.php(19): require_once('/Applications/M...')
#2 /Applications/MAMP/htdocs/wp-DomoStore/wordpress/index.php(17): require('/Applications/M...')
#3 {main}
  thrown dans /Applications/MAMP/htdocs/wp-DomoStore/wordpress/wp-content/themes/DM_Store/search.php à la ligne 16

2020-02-13T15:06:21+00:00 CRITICAL syntax error, unexpected 'endwhile' (T_ENDWHILE), expecting end of file dans /Applications/MAMP/htdocs/wp-DomoStore/wordpress/wp-content/themes/DM_Store/search.php à la ligne 18

2020-02-13T15:19:50+00:00 CRITICAL syntax error, unexpected 'alt' (T_STRING), expecting ',' or ';' dans /Applications/MAMP/htdocs/wp-DomoStore/wordpress/wp-content/themes/DM_Store/search.php à la ligne 16

2020-02-13T15:20:38+00:00 CRITICAL Uncaught Error: Call to undefined function wp_get_attachement_src() in /Applications/MAMP/htdocs/wp-DomoStore/wordpress/wp-content/themes/DM_Store/search.php:16
Stack trace:
#0 /Applications/MAMP/htdocs/wp-DomoStore/wordpress/wp-includes/template-loader.php(98): include()
#1 /Applications/MAMP/htdocs/wp-DomoStore/wordpress/wp-blog-header.php(19): require_once('/Applications/M...')
#2 /Applications/MAMP/htdocs/wp-DomoStore/wordpress/index.php(17): require('/Applications/M...')
#3 {main}
  thrown dans /Applications/MAMP/htdocs/wp-DomoStore/wordpress/wp-content/themes/DM_Store/search.php à la ligne 16

2020-02-13T15:20:49+00:00 CRITICAL Uncaught Error: Call to undefined function wp_get_attachement_src() in /Applications/MAMP/htdocs/wp-DomoStore/wordpress/wp-content/themes/DM_Store/search.php:16
Stack trace:
#0 /Applications/MAMP/htdocs/wp-DomoStore/wordpress/wp-includes/template-loader.php(98): include()
#1 /Applications/MAMP/htdocs/wp-DomoStore/wordpress/wp-blog-header.php(19): require_once('/Applications/M...')
#2 /Applications/MAMP/htdocs/wp-DomoStore/wordpress/index.php(17): require('/Applications/M...')
#3 {main}
  thrown dans /Applications/MAMP/htdocs/wp-DomoStore/wordpress/wp-content/themes/DM_Store/search.php à la ligne 16

2020-02-13T17:05:09+00:00 CRITICAL syntax error, unexpected '=>' (T_DOUBLE_ARROW), expecting ')' dans /Applications/MAMP/htdocs/wp-DomoStore/wordpress/wp-content/themes/DM_Store/search.php à la ligne 15

2020-02-13T17:27:31+00:00 CRITICAL syntax error, unexpected ':', expecting end of file dans /Applications/MAMP/htdocs/wp-DomoStore/wordpress/wp-content/themes/DM_Store/search.php à la ligne 18

2020-02-13T17:32:27+00:00 CRITICAL syntax error, unexpected '=>' (T_DOUBLE_ARROW), expecting ')' dans /Applications/MAMP/htdocs/wp-DomoStore/wordpress/wp-content/themes/DM_Store/search.php à la ligne 15

2020-02-13T17:39:28+00:00 CRITICAL syntax error, unexpected ';', expecting ')' dans /Applications/MAMP/htdocs/wp-DomoStore/wordpress/wp-content/themes/DM_Store/search.php à la ligne 17

2020-02-13T17:40:57+00:00 CRITICAL syntax error, unexpected ';', expecting ')' dans /Applications/MAMP/htdocs/wp-DomoStore/wordpress/wp-content/themes/DM_Store/search.php à la ligne 17

2020-02-13T18:10:42+00:00 CRITICAL syntax error, unexpected 'id' (T_STRING), expecting ']' dans /Applications/MAMP/htdocs/wp-DomoStore/wordpress/wp-content/themes/DM_Store/search.php à la ligne 28

2020-02-13T18:16:10+00:00 CRITICAL syntax error, unexpected ';', expecting ')' dans /Applications/MAMP/htdocs/wp-DomoStore/wordpress/wp-content/themes/DM_Store/search.php à la ligne 23

2020-02-13T18:19:33+00:00 CRITICAL Uncaught Error: Call to undefined function post_type() in /Applications/MAMP/htdocs/wp-DomoStore/wordpress/wp-content/themes/DM_Store/search.php:30
Stack trace:
#0 /Applications/MAMP/htdocs/wp-DomoStore/wordpress/wp-includes/template-loader.php(98): include()
#1 /Applications/MAMP/htdocs/wp-DomoStore/wordpress/wp-blog-header.php(19): require_once('/Applications/M...')
#2 /Applications/MAMP/htdocs/wp-DomoStore/wordpress/index.php(17): require('/Applications/M...')
#3 {main}
  thrown dans /Applications/MAMP/htdocs/wp-DomoStore/wordpress/wp-content/themes/DM_Store/search.php à la ligne 30

2020-02-13T18:19:50+00:00 CRITICAL Uncaught Error: Call to undefined function post_type() in /Applications/MAMP/htdocs/wp-DomoStore/wordpress/wp-content/themes/DM_Store/search.php:30
Stack trace:
#0 /Applications/MAMP/htdocs/wp-DomoStore/wordpress/wp-includes/template-loader.php(98): include()
#1 /Applications/MAMP/htdocs/wp-DomoStore/wordpress/wp-blog-header.php(19): require_once('/Applications/M...')
#2 /Applications/MAMP/htdocs/wp-DomoStore/wordpress/index.php(17): require('/Applications/M...')
#3 {main}
  thrown dans /Applications/MAMP/htdocs/wp-DomoStore/wordpress/wp-content/themes/DM_Store/search.php à la ligne 30

2020-02-13T18:19:57+00:00 CRITICAL Uncaught Error: Call to undefined function post_type() in /Applications/MAMP/htdocs/wp-DomoStore/wordpress/wp-content/themes/DM_Store/search.php:30
Stack trace:
#0 /Applications/MAMP/htdocs/wp-DomoStore/wordpress/wp-includes/template-loader.php(98): include()
#1 /Applications/MAMP/htdocs/wp-DomoStore/wordpress/wp-blog-header.php(19): require_once('/Applications/M...')
#2 /Applications/MAMP/htdocs/wp-DomoStore/wordpress/index.php(17): require('/Applications/M...')
#3 {main}
  thrown dans /Applications/MAMP/htdocs/wp-DomoStore/wordpress/wp-content/themes/DM_Store/search.php à la ligne 30

2020-02-13T18:23:44+00:00 CRITICAL syntax error, unexpected ';', expecting ')' dans /Applications/MAMP/htdocs/wp-DomoStore/wordpress/wp-content/themes/DM_Store/search.php à la ligne 21
>>>>>>> 9615fc52f6edba3e93d9deb612ad65a397980e55

